        -:    0:Source:C:/Users/ilyes/R3-04/TP06-correction/ObjetContraint.h
        -:    0:Graph:C:\Users\ilyes\R3-04\TP06-correction\cmake-build-debug-coverage\CMakeFiles\salarieTest.dir\Salarie.cpp.gcno
        -:    0:Data:C:\Users\ilyes\R3-04\TP06-correction\cmake-build-debug-coverage\CMakeFiles\salarieTest.dir\Salarie.cpp.gcda
        -:    0:Runs:1
        -:    1:#ifndef OBJETCONTRAINT_H
        -:    2:#define OBJETCONTRAINT_H
        -:    3:#include <stdexcept>
        -:    4:
        -:    5:template <class T>
        -:    6:class ObjetContraint {
        -:    7:public:
        -:    8:    ObjetContraint(const T & val, const T & min, const T & max);
function _ZNK14ObjetContraintIfE6getMinEv called 75 returned 100% blocks executed 100%
       75:    9:    inline const T & getMin() const {return m_min;}
       75:    9-block  0
function _ZNK14ObjetContraintIfE6getMaxEv called 78 returned 100% blocks executed 100%
       78:   10:    inline const T & getMax() const {return m_max;}
       78:   10-block  0
function _ZNK14ObjetContraintIfE6getValEv called 8 returned 100% blocks executed 100%
        8:   11:    inline const T & getVal() const {return m_val;}
        8:   11-block  0
        -:   12:    void setVal(const T & val);
function _ZNK14ObjetContraintIfEcvfEv called 8 returned 100% blocks executed 100%
        8:   13:    inline operator T() const { return getVal(); }
        8:   13-block  0
call    0 returned 8
        -:   14:private:  
        -:   15:    T m_val;
        -:   16:    T m_min;
        -:   17:    T m_max;
        -:   18:};
        -:   19:
        -:   20:// Implémentez ici les méthodes du template (pas de fichier .cpp pour un template)
        -:   21:template <class T>
function _ZN14ObjetContraintIfEC1ERKfS2_S2_ called 44 returned 100% blocks executed 100%
       44:   22:ObjetContraint<T>::ObjetContraint(const T & val, const T & min, const T & max) 
       44:   23:: m_min(min), m_max(max) {
       44:   24:    setVal(val);
       44:   24-block  0
call    0 returned 44
       44:   25:}
        -:   26:
        -:   27:template <class T>
function _ZN14ObjetContraintIfE6setValERKf called 78 returned 88% blocks executed 92%
       78:   28:void ObjetContraint<T>::setVal(const T & val) {
       78:   29:    if (getMax()<val || val < getMin())
       78:   29-block  0
call    0 returned 78
branch  1 taken 75 (fallthrough)
branch  2 taken 3
       75:   29-block  1
call    3 returned 75
branch  4 taken 6 (fallthrough)
branch  5 taken 69
        9:   29-block  2
       69:   29-block  3
       78:   29-block  4
branch  6 taken 9 (fallthrough)
branch  7 taken 69
        9:   30:        throw std::domain_error("Valeur Hors Intervalle Min..Max");
        9:   30-block  0
call    0 returned 9
call    1 returned 9
branch  2 taken 9 (fallthrough)
branch  3 taken 0 (throw)
        9:   30-block  1
call    4 returned 0
    $$$$$:   30-block  2
call    5 never executed
        -:   31:    else
       69:   32:        this->m_val=val;
       69:   33:}
       69:   33-block  0
        -:   34:#endif /* OBJETCONTRAINT_H */
        -:   35:
