        -:    0:Source:C:/Users/ilyes/R3-04/TP06-correction/SalarieException.h
        -:    0:Graph:C:\Users\ilyes\R3-04\TP06-correction\cmake-build-debug-coverage\CMakeFiles\salarieTest.dir\Salarie.cpp.gcno
        -:    0:Data:C:\Users\ilyes\R3-04\TP06-correction\cmake-build-debug-coverage\CMakeFiles\salarieTest.dir\Salarie.cpp.gcda
        -:    0:Runs:1
        -:    1:#ifndef SALARIEEXCEPTION_H
        -:    2:#define SALARIEEXCEPTION_H
        -:    3:#include <stdexcept>
        -:    4:
        -:    5:// Toutes les exceptions de la classe Salarie seront dues à des valeurs non conformes (nom, numéro SS ou salaire)
        -:    6:// On fait donc dériver SalarieException de domain_error qui est l'exception prédéfinie dans <stdexcept> pour ce genre de situation
        -:    7:
        -:    8:class SalarieException : public std::domain_error {
        -:    9:public:
        -:   10:
function _ZN16SalarieExceptionC2ERKNSt7__cxx1112basic_stringIcSt11char_traitsIcESaIcEEE called 40 returned 100% blocks executed 100%
       40:   11:    SalarieException(const std::string & what_arg) : std::domain_error(what_arg) {
       40:   11-block  0
call    0 returned 40
       40:   12:    }
        -:   13:};
        -:   14:
        -:   15:class NomIncorrectException : public SalarieException {
        -:   16:public:
        -:   17:
function _ZN21NomIncorrectExceptionC1ERKNSt7__cxx1112basic_stringIcSt11char_traitsIcESaIcEEE called 9 returned 100% blocks executed 100%
        9:   18:    NomIncorrectException(const std::string & what_arg = "Exception Salarie : Nom Incorrect")
        9:   19:    : SalarieException(what_arg) {
        9:   19-block  0
call    0 returned 9
        9:   20:    }
        -:   21:};
        -:   22:
        -:   23:class NumeroIncorrectException : public SalarieException {
        -:   24:public:
        -:   25:
function _ZN24NumeroIncorrectExceptionC1ERKNSt7__cxx1112basic_stringIcSt11char_traitsIcESaIcEEE called 22 returned 100% blocks executed 100%
       22:   26:    NumeroIncorrectException(const std::string & what_arg = "Exception Salarie : Numéro SS Incorrect")
       22:   27:    : SalarieException(what_arg) {
       22:   27-block  0
call    0 returned 22
       22:   28:    }
        -:   29:};
        -:   30:
        -:   31:class SalaireIncorrectException : public SalarieException {
        -:   32:public:
        -:   33:
function _ZN25SalaireIncorrectExceptionC1ERKNSt7__cxx1112basic_stringIcSt11char_traitsIcESaIcEEE called 9 returned 100% blocks executed 100%
        9:   34:    SalaireIncorrectException(const std::string & what_arg = "Exception Salarie : Salaire Mensuel Incorrect")
        9:   35:    : SalarieException(what_arg) {
        9:   35-block  0
call    0 returned 9
        9:   36:    }
        -:   37:};
        -:   38:
        -:   39:#endif /* SALARIEEXCEPTION_H */
        -:   40:
